C51 COMPILER V9.60.0.0   INTERRUPTS                                                        11/14/2022 14:40:44 PAGE 1   


C51 COMPILER V9.60.0.0, COMPILATION OF MODULE INTERRUPTS
OBJECT MODULE PLACED IN .\src/Interrupts.OBJ
COMPILER INVOKED BY: Z:\Applications\Simplicity Studio.app\Contents\Eclipse\developer\toolchains\keil_8051\9.60\BIN\C51.
                    -exe /Users/paul_leveque/Documents/10_Projets/EFM8BB1_PCA_Lib_8bitCenterPWM/src/Interrupts.c OMF2 SMALL DEBUG OBJECTEXTEN
                    -D ROM(LARGE) WARNINGLEVEL(2) FLOATFUZZY(3) OPTIMIZE(8,SPEED) DEFINE(DEBUG=1) INTVECTOR(0X0000) INTPROMOTE INCDIR(/Users/
                    -paul_leveque/Documents/10_Projets/EFM8BB1_PCA_Lib_8bitCenterPWM/inc;/Users/paul_leveque/Documents/10_Projets/EFM8BB1_PCA
                    -_Lib_8bitCenterPWM/inc/config;/Users/paul_leveque/Documents/10_Projets/EFM8BB1_PCA_Lib_8bitCenterPWM/drivers;/Applicatio
                    -ns/Simplicity Studio.app/Contents/Eclipse/developer/sdks/8051/v4.2.4//Lib/efm8_assert;/Applications/Simplicity Studio.ap
                    -p/Contents/Eclipse/developer/sdks/8051/v4.2.4//Device/shared/si8051Base;/Applications/Simplicity Studio.app/Contents/Ecl
                    -ipse/developer/sdks/8051/v4.2.4//Device/EFM8BB1/inc;/Applications/Simplicity Studio.app/Contents/Eclipse/developer/sdks/
                    -8051/v4.2.4//kits/common/bsp;/Applications/Simplicity Studio.app/Contents/Eclipse/developer/sdks/8051/v4.2.4//kits/EFM8B
                    -B1_LCK/config;/Applications/Simplicity Studio.app/Contents/Eclipse/developer/sdks/8051/v4.2.4//Device/EFM8BB1/peripheral
                    -_driver/inc) PRINT(.\src/Interrupts.lst) COND PAGEWIDTH(120) PAGELENGTH(65) OBJECT(.\src/Interrupts.OBJ)

line level    source

   1          //=========================================================
   2          // src/Interrupts.c: generated by Hardware Configurator
   3          //
   4          // This file will be regenerated when saving a document.
   5          // leave the sections inside the "$[...]" comment tags alone
   6          // or they will be overwritten!
   7          //=========================================================
   8          
   9          // USER INCLUDES
  10          #include <SI_EFM8BB1_Register_Enums.h>
  11          
  12          //-----------------------------------------------------------------------------
  13          // SPI0_ISR
  14          //-----------------------------------------------------------------------------
  15          //
  16          // SPI0 ISR Content goes here. Remember to clear flag bits:
  17          // SPI0CN0::MODF (Mode Fault Flag)
  18          // SPI0CN0::RXOVRN (Receive Overrun Flag)
  19          // SPI0CN0::SPIF (SPI# Interrupt Flag)
  20          // SPI0CN0::WCOL (Write Collision Flag)
  21          //
  22          //-----------------------------------------------------------------------------
  23          SI_INTERRUPT (SPI0_ISR, SPI0_IRQn)
  24            {
  25   1      
  26   1        }
  27          
  28          //-----------------------------------------------------------------------------
  29          // UART0_ISR
  30          //-----------------------------------------------------------------------------
  31          //
  32          // UART0 ISR Content goes here. Remember to clear flag bits:
  33          // SCON0::RI (Receive Interrupt Flag)
  34          // SCON0::TI (Transmit Interrupt Flag)
  35          //
  36          //-----------------------------------------------------------------------------
  37          SI_INTERRUPT (UART0_ISR, UART0_IRQn)
  38            {
  39   1      
  40   1        }
  41          


MODULE INFORMATION:   STATIC OVERLAYABLE
   CODE SIZE        =      8    ----
   CONSTANT SIZE    =   ----    ----
C51 COMPILER V9.60.0.0   INTERRUPTS                                                        11/14/2022 14:40:44 PAGE 2   

   XDATA SIZE       =   ----    ----
   PDATA SIZE       =   ----    ----
   DATA SIZE        =   ----    ----
   IDATA SIZE       =   ----    ----
   BIT SIZE         =   ----    ----
   EDATA SIZE       =   ----    ----
   HDATA SIZE       =   ----    ----
   XDATA CONST SIZE =   ----    ----
   FAR CONST SIZE   =   ----    ----
END OF MODULE INFORMATION.


C51 COMPILATION COMPLETE.  0 WARNING(S),  0 ERROR(S)
